<?xml version="1.0" encoding="UTF-8"?>
<!-- Generated by org.testng.reporters.JUnitXMLReporter -->
<testsuite hostname="Kents-MacBook-Pro.local" ignored="3" tests="3" failures="0" timestamp="2021-12-05T16:38:55 WIB" time="41.609" errors="0">
  <testcase name="testLoginWithGmail" time="17.928" classname="Runner"/>
  <testcase name="testSearchItem" time="5.283" classname="Runner"/>
  <testcase name="testAddToBag" time="8.902" classname="Runner"/>
  <testcase name="testRegisterWithGoogle" time="0.0" classname="Runner">
    <ignored/>
  </testcase> <!-- testRegisterWithGoogle -->
  <testcase name="testLoginWithFaceBook" time="0.0" classname="Runner">
    <ignored/>
  </testcase> <!-- testLoginWithFaceBook -->
  <testcase name="testRegisterWithFacebook" time="0.0" classname="Runner">
    <ignored/>
  </testcase> <!-- testRegisterWithFacebook -->
</testsuite>
