<?xml version="1.0" encoding="UTF-8"?>
<testng-results skipped="0" failed="0" ignored="3" total="6" passed="3">
  <reporter-output>
  </reporter-output>
  <suite name="Runner" duration-ms="41609" started-at="2021-12-05T16:38:13 WIB" finished-at="2021-12-05T16:38:55 WIB">
    <groups>
    </groups>
    <test name="Command line test" duration-ms="41609" started-at="2021-12-05T16:38:13 WIB" finished-at="2021-12-05T16:38:55 WIB">
      <class name="Runner">
        <test-method status="PASS" signature="setupTest()[pri:0, instance:Runner@e70f13a]" name="setupTest" is-config="true" duration-ms="9193" started-at="2021-12-05T16:38:13 WIB" finished-at="2021-12-05T16:38:22 WIB">
          <reporter-output>
          </reporter-output>
        </test-method> <!-- setupTest -->
        <test-method status="PASS" signature="testLoginWithGmail()[pri:0, instance:Runner@e70f13a]" name="testLoginWithGmail" duration-ms="17928" started-at="2021-12-05T16:38:22 WIB" finished-at="2021-12-05T16:38:40 WIB">
          <reporter-output>
          </reporter-output>
        </test-method> <!-- testLoginWithGmail -->
        <test-method status="PASS" signature="testSearchItem()[pri:0, instance:Runner@e70f13a]" name="testSearchItem" duration-ms="5283" started-at="2021-12-05T16:38:40 WIB" depends-on-methods="Runner.testLoginWithGmail" finished-at="2021-12-05T16:38:46 WIB">
          <reporter-output>
          </reporter-output>
        </test-method> <!-- testSearchItem -->
        <test-method status="PASS" signature="testAddToBag()[pri:0, instance:Runner@e70f13a]" name="testAddToBag" duration-ms="8902" started-at="2021-12-05T16:38:46 WIB" depends-on-methods="Runner.testSearchItem" finished-at="2021-12-05T16:38:55 WIB">
          <reporter-output>
          </reporter-output>
        </test-method> <!-- testAddToBag -->
        <test-method status="PASS" signature="tearDown()[pri:0, instance:Runner@e70f13a]" name="tearDown" is-config="true" duration-ms="250" started-at="2021-12-05T16:38:55 WIB" finished-at="2021-12-05T16:38:55 WIB">
          <reporter-output>
          </reporter-output>
        </test-method> <!-- tearDown -->
      </class> <!-- Runner -->
    </test> <!-- Command line test -->
  </suite> <!-- Runner -->
</testng-results>
